uikit/build/outputs/logs/manifest-merger-debug-report.txt
-- Merging decision tree log ---
manifest
ADDED from Live38\uikit\AndroidManifest.xml:1:1-136:12
INJECTED from Live38\uikit\AndroidManifest.xml:1:1-136:12
INJECTED from Live38\uikit\AndroidManifest.xml:1:1-136:12
	package
		ADDED from Live38\uikit\AndroidManifest.xml:2:5-36
		INJECTED from Live38\uikit\AndroidManifest.xml
		INJECTED from Live38\uikit\AndroidManifest.xml
	xmlns:android
		ADDED from Live38\uikit\AndroidManifest.xml:1:11-69
application
ADDED from Live38\uikit\AndroidManifest.xml:5:5-135:19
activity#com.netease.nim.uikit.session.activity.P2PMessageActivity
ADDED from Live38\uikit\AndroidManifest.xml:9:9-14:70
	android:screenOrientation
		ADDED from Live38\uikit\AndroidManifest.xml:12:13-49
	android:windowSoftInputMode
		ADDED from Live38\uikit\AndroidManifest.xml:14:13-67
	android:configChanges
		ADDED from Live38\uikit\AndroidManifest.xml:11:13-63
	android:theme
		ADDED from Live38\uikit\AndroidManifest.xml:13:13-56
	android:name
		ADDED from Live38\uikit\AndroidManifest.xml:10:13-85
activity#com.netease.nim.uikit.session.activity.TeamMessageActivity
ADDED from Live38\uikit\AndroidManifest.xml:15:9-20:70
	android:screenOrientation
		ADDED from Live38\uikit\AndroidManifest.xml:18:13-49
	android:windowSoftInputMode
		ADDED from Live38\uikit\AndroidManifest.xml:20:13-67
	android:configChanges
		ADDED from Live38\uikit\AndroidManifest.xml:17:13-63
	android:theme
		ADDED from Live38\uikit\AndroidManifest.xml:19:13-56
	android:name
		ADDED from Live38\uikit\AndroidManifest.xml:16:13-86
activity#com.netease.nim.uikit.team.activity.NormalTeamInfoActivity
ADDED from Live38\uikit\AndroidManifest.xml:23:9-28:70
	android:screenOrientation
		ADDED from Live38\uikit\AndroidManifest.xml:26:13-49
	android:windowSoftInputMode
		ADDED from Live38\uikit\AndroidManifest.xml:28:13-67
	android:configChanges
		ADDED from Live38\uikit\AndroidManifest.xml:25:13-63
	android:theme
		ADDED from Live38\uikit\AndroidManifest.xml:27:13-56
	android:name
		ADDED from Live38\uikit\AndroidManifest.xml:24:13-86
activity#com.netease.nim.uikit.team.activity.AdvancedTeamInfoActivity
ADDED from Live38\uikit\AndroidManifest.xml:29:9-34:70
	android:screenOrientation
		ADDED from Live38\uikit\AndroidManifest.xml:32:13-49
	android:windowSoftInputMode
		ADDED from Live38\uikit\AndroidManifest.xml:34:13-67
	android:configChanges
		ADDED from Live38\uikit\AndroidManifest.xml:31:13-63
	android:theme
		ADDED from Live38\uikit\AndroidManifest.xml:33:13-56
	android:name
		ADDED from Live38\uikit\AndroidManifest.xml:30:13-88
activity#com.netease.nim.uikit.team.activity.AdvancedTeamMemberActivity
ADDED from Live38\uikit\AndroidManifest.xml:35:9-40:70
	android:screenOrientation
		ADDED from Live38\uikit\AndroidManifest.xml:38:13-49
	android:windowSoftInputMode
		ADDED from Live38\uikit\AndroidManifest.xml:40:13-67
	android:configChanges
		ADDED from Live38\uikit\AndroidManifest.xml:37:13-63
	android:theme
		ADDED from Live38\uikit\AndroidManifest.xml:39:13-56
	android:name
		ADDED from Live38\uikit\AndroidManifest.xml:36:13-90
activity#com.netease.nim.uikit.team.activity.AdvancedTeamAnnounceActivity
ADDED from Live38\uikit\AndroidManifest.xml:41:9-46:70
	android:screenOrientation
		ADDED from Live38\uikit\AndroidManifest.xml:44:13-49
	android:windowSoftInputMode
		ADDED from Live38\uikit\AndroidManifest.xml:46:13-67
	android:configChanges
		ADDED from Live38\uikit\AndroidManifest.xml:43:13-63
	android:theme
		ADDED from Live38\uikit\AndroidManifest.xml:45:13-56
	android:name
		ADDED from Live38\uikit\AndroidManifest.xml:42:13-92
activity#com.netease.nim.uikit.team.activity.AdvancedTeamMemberInfoActivity
ADDED from Live38\uikit\AndroidManifest.xml:47:9-52:70
	android:screenOrientation
		ADDED from Live38\uikit\AndroidManifest.xml:50:13-49
	android:windowSoftInputMode
		ADDED from Live38\uikit\AndroidManifest.xml:52:13-67
	android:configChanges
		ADDED from Live38\uikit\AndroidManifest.xml:49:13-63
	android:theme
		ADDED from Live38\uikit\AndroidManifest.xml:51:13-56
	android:name
		ADDED from Live38\uikit\AndroidManifest.xml:48:13-94
activity#com.netease.nim.uikit.team.activity.AdvancedTeamNicknameActivity
ADDED from Live38\uikit\AndroidManifest.xml:53:9-58:70
	android:screenOrientation
		ADDED from Live38\uikit\AndroidManifest.xml:56:13-49
	android:windowSoftInputMode
		ADDED from Live38\uikit\AndroidManifest.xml:58:13-67
	android:configChanges
		ADDED from Live38\uikit\AndroidManifest.xml:55:13-63
	android:theme
		ADDED from Live38\uikit\AndroidManifest.xml:57:13-56
	android:name
		ADDED from Live38\uikit\AndroidManifest.xml:54:13-92
activity#com.netease.nim.uikit.team.activity.AdvancedTeamCreateAnnounceActivity
ADDED from Live38\uikit\AndroidManifest.xml:59:9-64:70
	android:screenOrientation
		ADDED from Live38\uikit\AndroidManifest.xml:62:13-49
	android:windowSoftInputMode
		ADDED from Live38\uikit\AndroidManifest.xml:64:13-67
	android:configChanges
		ADDED from Live38\uikit\AndroidManifest.xml:61:13-63
	android:theme
		ADDED from Live38\uikit\AndroidManifest.xml:63:13-56
	android:name
		ADDED from Live38\uikit\AndroidManifest.xml:60:13-98
activity#com.netease.nim.uikit.team.activity.TeamPropertySettingActivity
ADDED from Live38\uikit\AndroidManifest.xml:65:9-70:70
	android:screenOrientation
		ADDED from Live38\uikit\AndroidManifest.xml:68:13-49
	android:windowSoftInputMode
		ADDED from Live38\uikit\AndroidManifest.xml:70:13-67
	android:configChanges
		ADDED from Live38\uikit\AndroidManifest.xml:67:13-63
	android:theme
		ADDED from Live38\uikit\AndroidManifest.xml:69:13-56
	android:name
		ADDED from Live38\uikit\AndroidManifest.xml:66:13-91
activity#com.netease.nim.uikit.contact_selector.activity.ContactSelectActivity
ADDED from Live38\uikit\AndroidManifest.xml:73:9-79:67
	android:screenOrientation
		ADDED from Live38\uikit\AndroidManifest.xml:77:13-49
	android:label
		ADDED from Live38\uikit\AndroidManifest.xml:76:13-53
	android:windowSoftInputMode
		ADDED from Live38\uikit\AndroidManifest.xml:79:13-64
	android:configChanges
		ADDED from Live38\uikit\AndroidManifest.xml:75:13-63
	android:theme
		ADDED from Live38\uikit\AndroidManifest.xml:78:13-56
	android:name
		ADDED from Live38\uikit\AndroidManifest.xml:74:13-97
activity#com.netease.nim.uikit.common.media.picker.activity.PickImageActivity
ADDED from Live38\uikit\AndroidManifest.xml:82:9-85:59
	android:screenOrientation
		ADDED from Live38\uikit\AndroidManifest.xml:84:13-49
	android:theme
		ADDED from Live38\uikit\AndroidManifest.xml:85:13-56
	android:name
		ADDED from Live38\uikit\AndroidManifest.xml:83:13-96
activity#com.netease.nim.uikit.common.media.picker.activity.CropImageActivity
ADDED from Live38\uikit\AndroidManifest.xml:86:9-89:58
	android:screenOrientation
		ADDED from Live38\uikit\AndroidManifest.xml:88:13-49
	android:theme
		ADDED from Live38\uikit\AndroidManifest.xml:89:13-56
	android:name
		ADDED from Live38\uikit\AndroidManifest.xml:87:13-96
activity#com.netease.nim.uikit.common.media.picker.activity.PickerAlbumActivity
ADDED from Live38\uikit\AndroidManifest.xml:90:9-93:59
	android:screenOrientation
		ADDED from Live38\uikit\AndroidManifest.xml:92:13-49
	android:theme
		ADDED from Live38\uikit\AndroidManifest.xml:93:13-56
	android:name
		ADDED from Live38\uikit\AndroidManifest.xml:91:13-98
activity#com.netease.nim.uikit.common.media.picker.activity.PickerAlbumPreviewActivity
ADDED from Live38\uikit\AndroidManifest.xml:94:9-97:59
	android:screenOrientation
		ADDED from Live38\uikit\AndroidManifest.xml:96:13-49
	android:theme
		ADDED from Live38\uikit\AndroidManifest.xml:97:13-56
	android:name
		ADDED from Live38\uikit\AndroidManifest.xml:95:13-105
activity#com.netease.nim.uikit.common.media.picker.activity.PreviewImageFromLocalActivity
ADDED from Live38\uikit\AndroidManifest.xml:98:9-103:58
	android:screenOrientation
		ADDED from Live38\uikit\AndroidManifest.xml:101:13-49
	android:windowSoftInputMode
		ADDED from Live38\uikit\AndroidManifest.xml:102:13-67
	android:configChanges
		ADDED from Live38\uikit\AndroidManifest.xml:100:13-63
	android:theme
		ADDED from Live38\uikit\AndroidManifest.xml:103:13-56
	android:name
		ADDED from Live38\uikit\AndroidManifest.xml:99:13-108
activity#com.netease.nim.uikit.common.media.picker.activity.PreviewImageFromCameraActivity
ADDED from Live38\uikit\AndroidManifest.xml:104:9-110:70
	android:screenOrientation
		ADDED from Live38\uikit\AndroidManifest.xml:108:13-49
	android:label
		ADDED from Live38\uikit\AndroidManifest.xml:107:13-53
	android:windowSoftInputMode
		ADDED from Live38\uikit\AndroidManifest.xml:110:13-67
	android:configChanges
		ADDED from Live38\uikit\AndroidManifest.xml:106:13-63
	android:theme
		ADDED from Live38\uikit\AndroidManifest.xml:109:13-56
	android:name
		ADDED from Live38\uikit\AndroidManifest.xml:105:13-109
activity#com.netease.nim.uikit.session.activity.CaptureVideoActivity
ADDED from Live38\uikit\AndroidManifest.xml:113:9-118:58
	android:screenOrientation
		ADDED from Live38\uikit\AndroidManifest.xml:116:13-49
	android:windowSoftInputMode
		ADDED from Live38\uikit\AndroidManifest.xml:117:13-67
	android:configChanges
		ADDED from Live38\uikit\AndroidManifest.xml:115:13-63
	android:theme
		ADDED from Live38\uikit\AndroidManifest.xml:118:13-56
	android:name
		ADDED from Live38\uikit\AndroidManifest.xml:114:13-87
activity#com.netease.nim.uikit.session.activity.WatchVideoActivity
ADDED from Live38\uikit\AndroidManifest.xml:120:9-124:48
	android:label
		ADDED from Live38\uikit\AndroidManifest.xml:123:13-47
	android:configChanges
		ADDED from Live38\uikit\AndroidManifest.xml:122:13-74
	android:theme
		ADDED from Live38\uikit\AndroidManifest.xml:124:13-45
	android:name
		ADDED from Live38\uikit\AndroidManifest.xml:121:13-85
activity#com.netease.nim.uikit.session.activity.WatchMessagePictureActivity
ADDED from Live38\uikit\AndroidManifest.xml:127:9-130:58
	android:configChanges
		ADDED from Live38\uikit\AndroidManifest.xml:129:13-51
	android:theme
		ADDED from Live38\uikit\AndroidManifest.xml:130:13-56
	android:name
		ADDED from Live38\uikit\AndroidManifest.xml:128:13-94
activity#com.netease.nim.uikit.team.activity.TeamMemberListActivity
ADDED from Live38\uikit\AndroidManifest.xml:132:9-134:58
	android:screenOrientation
		ADDED from Live38\uikit\AndroidManifest.xml:133:13-49
	android:theme
		ADDED from Live38\uikit\AndroidManifest.xml:134:13-56
	android:name
		ADDED from Live38\uikit\AndroidManifest.xml:132:19-71
uses-sdk
INJECTED from Live38\uikit\AndroidManifest.xml reason: use-sdk injection requested
INJECTED from Live38\uikit\AndroidManifest.xml
INJECTED from Live38\uikit\AndroidManifest.xml
INJECTED from Live38\uikit\AndroidManifest.xml
INJECTED from Live38\uikit\AndroidManifest.xml
	android:targetSdkVersion
		INJECTED from Live38\uikit\AndroidManifest.xml
		ADDED from Live38\uikit\AndroidManifest.xml
		INJECTED from Live38\uikit\AndroidManifest.xml
	android:minSdkVersion
		INJECTED from Live38\uikit\AndroidManifest.xml
		ADDED from Live38\uikit\AndroidManifest.xml
		INJECTED from Live38\uikit\AndroidManifest.xml